-------------------------------------------------------------------------------
Test set: testing.project.Demo
-------------------------------------------------------------------------------
Tests run: 3, Failures: 1, Errors: 0, Skipped: 0, Time elapsed: 0.003 sec <<< FAILURE!
testing.project.Demo.testTwo()  Time elapsed: 0.001 sec  <<< FAILURE!
java.lang.AssertionError: Value is greater than 10
	at testing.project.Demo.testTwo(Demo.java:14)

